Determining if the pthread_create exist failed with the following output:
Change Dir: /home/kavya/808X/Week2/Workspace/Accelerated_C++_4_5/CMakeFiles/CMakeTmp

Run Build Command:"/usr/bin/make" "cmTC_1f9ca/fast"
/usr/bin/make -f CMakeFiles/cmTC_1f9ca.dir/build.make CMakeFiles/cmTC_1f9ca.dir/build
make[1]: Entering directory '/home/kavya/808X/Week2/Workspace/Accelerated_C++_4_5/CMakeFiles/CMakeTmp'
Building C object CMakeFiles/cmTC_1f9ca.dir/CheckSymbolExists.c.o
/usr/bin/cc    -o CMakeFiles/cmTC_1f9ca.dir/CheckSymbolExists.c.o   -c /home/kavya/808X/Week2/Workspace/Accelerated_C++_4_5/CMakeFiles/CMakeTmp/CheckSymbolExists.c
Linking C executable cmTC_1f9ca
/usr/bin/cmake -E cmake_link_script CMakeFiles/cmTC_1f9ca.dir/link.txt --verbose=1
/usr/bin/cc      -rdynamic CMakeFiles/cmTC_1f9ca.dir/CheckSymbolExists.c.o  -o cmTC_1f9ca 
CMakeFiles/cmTC_1f9ca.dir/CheckSymbolExists.c.o: In function `main':
CheckSymbolExists.c:(.text+0x1b): undefined reference to `pthread_create'
collect2: error: ld returned 1 exit status
CMakeFiles/cmTC_1f9ca.dir/build.make:97: recipe for target 'cmTC_1f9ca' failed
make[1]: *** [cmTC_1f9ca] Error 1
make[1]: Leaving directory '/home/kavya/808X/Week2/Workspace/Accelerated_C++_4_5/CMakeFiles/CMakeTmp'
Makefile:126: recipe for target 'cmTC_1f9ca/fast' failed
make: *** [cmTC_1f9ca/fast] Error 2

File /home/kavya/808X/Week2/Workspace/Accelerated_C++_4_5/CMakeFiles/CMakeTmp/CheckSymbolExists.c:
/* */
#include <pthread.h>

int main(int argc, char** argv)
{
  (void)argv;
#ifndef pthread_create
  return ((int*)(&pthread_create))[argc];
#else
  (void)argc;
  return 0;
#endif
}

Determining if the function pthread_create exists in the pthreads failed with the following output:
Change Dir: /home/kavya/808X/Week2/Workspace/Accelerated_C++_4_5/CMakeFiles/CMakeTmp

Run Build Command:"/usr/bin/make" "cmTC_5dcdf/fast"
/usr/bin/make -f CMakeFiles/cmTC_5dcdf.dir/build.make CMakeFiles/cmTC_5dcdf.dir/build
make[1]: Entering directory '/home/kavya/808X/Week2/Workspace/Accelerated_C++_4_5/CMakeFiles/CMakeTmp'
Building C object CMakeFiles/cmTC_5dcdf.dir/CheckFunctionExists.c.o
/usr/bin/cc   -DCHECK_FUNCTION_EXISTS=pthread_create   -o CMakeFiles/cmTC_5dcdf.dir/CheckFunctionExists.c.o   -c /usr/share/cmake-3.10/Modules/CheckFunctionExists.c
Linking C executable cmTC_5dcdf
/usr/bin/cmake -E cmake_link_script CMakeFiles/cmTC_5dcdf.dir/link.txt --verbose=1
/usr/bin/cc  -DCHECK_FUNCTION_EXISTS=pthread_create    -rdynamic CMakeFiles/cmTC_5dcdf.dir/CheckFunctionExists.c.o  -o cmTC_5dcdf -lpthreads 
/usr/bin/ld: cannot find -lpthreads
collect2: error: ld returned 1 exit status
CMakeFiles/cmTC_5dcdf.dir/build.make:97: recipe for target 'cmTC_5dcdf' failed
make[1]: *** [cmTC_5dcdf] Error 1
make[1]: Leaving directory '/home/kavya/808X/Week2/Workspace/Accelerated_C++_4_5/CMakeFiles/CMakeTmp'
Makefile:126: recipe for target 'cmTC_5dcdf/fast' failed
make: *** [cmTC_5dcdf/fast] Error 2


